<?xml version="1.0" encoding="UTF-8"?>
<!-- Generated by org.testng.reporters.JUnitReportReporter -->
<testsuite hostname="Lenovo-AIO" failures="0" tests="1" name="com.w2a.testcases.OpenAccountTest" time="0.047" errors="1" timestamp="2024-05-27T12:36:37 CEST" skipped="0">
  <testcase classname="com.w2a.testcases.OpenAccountTest" name="openAccountTest" time="0.047">
    <error message="Cannot find elements when the selector is null" type="java.lang.IllegalArgumentException">
      <![CDATA[java.lang.IllegalArgumentException: Cannot find elements when the selector is null
at org.openqa.selenium.internal.Require$ArgumentChecker.nonNull(Require.java:207)
at org.openqa.selenium.By$ByCssSelector.<init>(By.java:328)
at org.openqa.selenium.By.cssSelector(By.java:112)
at com.w2a.base.TestBase.select(TestBase.java:134)
at com.w2a.testcases.OpenAccountTest.openAccountTest(OpenAccountTest.java:15)
at java.base/jdk.internal.reflect.NativeMethodAccessorImpl.invoke0(Native Method)
at java.base/jdk.internal.reflect.NativeMethodAccessorImpl.invoke(NativeMethodAccessorImpl.java:77)
at java.base/jdk.internal.reflect.DelegatingMethodAccessorImpl.invoke(DelegatingMethodAccessorImpl.java:43)
at java.base/java.lang.reflect.Method.invoke(Method.java:568)
at org.testng.internal.invokers.MethodInvocationHelper.invokeMethod(MethodInvocationHelper.java:141)
at org.testng.internal.invokers.TestInvoker.invokeMethod(TestInvoker.java:686)
at org.testng.internal.invokers.TestInvoker.invokeTestMethod(TestInvoker.java:230)
at org.testng.internal.invokers.MethodRunner.runInSequence(MethodRunner.java:63)
at org.testng.internal.invokers.TestInvoker$MethodInvocationAgent.invoke(TestInvoker.java:992)
at org.testng.internal.invokers.TestInvoker.invokeTestMethods(TestInvoker.java:203)
at org.testng.internal.invokers.TestMethodWorker.invokeTestMethods(TestMethodWorker.java:154)
at org.testng.internal.invokers.TestMethodWorker.run(TestMethodWorker.java:134)
at java.base/java.util.ArrayList.forEach(ArrayList.java:1511)
at org.testng.TestRunner.privateRun(TestRunner.java:739)
at org.testng.TestRunner.run(TestRunner.java:614)
at org.testng.SuiteRunner.runTest(SuiteRunner.java:421)
at org.testng.SuiteRunner.runSequentially(SuiteRunner.java:413)
at org.testng.SuiteRunner.privateRun(SuiteRunner.java:373)
at org.testng.SuiteRunner.run(SuiteRunner.java:312)
at org.testng.SuiteRunnerWorker.runSuite(SuiteRunnerWorker.java:52)
at org.testng.SuiteRunnerWorker.run(SuiteRunnerWorker.java:95)
at org.testng.TestNG.runSuitesSequentially(TestNG.java:1274)
at org.testng.TestNG.runSuitesLocally(TestNG.java:1208)
at org.testng.TestNG.runSuites(TestNG.java:1112)
at org.testng.TestNG.run(TestNG.java:1079)
at org.testng.remote.AbstractRemoteTestNG.run(AbstractRemoteTestNG.java:115)
at org.testng.remote.RemoteTestNG.initAndRun(RemoteTestNG.java:293)
at org.testng.remote.RemoteTestNG.main(RemoteTestNG.java:91)
]]>
    </error>
    <system-out>
      <![CDATA[Capturing screenshot !!!
<a target="_blank" href=Mon_May_27_12_36_37_CEST_2024.jpg>Screenshot</a>
<br>
<a target="_blank" href=Mon_May_27_12_36_37_CEST_2024.jpg><img src=Mon_May_27_12_36_37_CEST_2024.jpg  height=200 width=200></a>]]>
    </system-out>
  </testcase> <!-- openAccountTest -->
  <system-out>
    <![CDATA[<br>Verification failure: expected [abc] but found [xyz]<br>
<a target="_blank" href=Mon_May_27_12_36_32_CEST_2024.jpg><img src=Mon_May_27_12_36_32_CEST_2024.jpg  height=200 width=200></a>
<br>
<br>
Capturing screenshot !!!
<a target="_blank" href=Mon_May_27_12_36_33_CEST_2024.jpg>Screenshot</a>
<br>
<a target="_blank" href=Mon_May_27_12_36_33_CEST_2024.jpg><img src=Mon_May_27_12_36_33_CEST_2024.jpg  height=200 width=200></a>
Capturing screenshot !!!
<a target="_blank" href=Mon_May_27_12_36_37_CEST_2024.jpg>Screenshot</a>
<br>
<a target="_blank" href=Mon_May_27_12_36_37_CEST_2024.jpg><img src=Mon_May_27_12_36_37_CEST_2024.jpg  height=200 width=200></a>]]>
  </system-out>
</testsuite> <!-- com.w2a.testcases.OpenAccountTest -->
